<?xml version="1.0" encoding="UTF-8"?><testsuite errors="0" failures="1" name="Tests.HomePageElementsTests" skipped="0" tests="11" time="294.74" timestamp="2021-11-14 06:45:59"><testcase classname="Tests.HomePageElementsTests" name="Home and garden test"/><testcase classname="Tests.HomePageElementsTests" name="Industrial equipment page test"/><testcase classname="Tests.HomePageElementsTests" name="Sports test"/><testcase classname="Tests.HomePageElementsTests" name="Health and beauty test"/><testcase classname="Tests.HomePageElementsTests" name="Fashion test"><failure message="expected:&lt;Fashion That[’]s Made for You&gt; but was:&lt;Fashion That[â€™]s Made for You&gt;" type="org.junit.ComparisonFailure">expected:&lt;Fashion That[’]s Made for You&gt; but was:&lt;Fashion That[â€™]s Made for You&gt;</failure><system-err>expected:&lt;Fashion That[’]s Made for You&gt; but was:&lt;Fashion That[â€™]s Made for You&gt;&#13;
Pages.CommonPages.verifyElementByXPath(CommonPages.java:41)&#13;
Steps.HomePage.verifyFashionButton(HomePage.java:53)&#13;
Tests.HomePageElementsTests.fashionTest(HomePageElementsTests.java:79)&#13;
</system-err></testcase><testcase classname="Tests.HomePageElementsTests" name="Daily deals test"/><testcase classname="Tests.HomePageElementsTests" name="Motors page test"/><testcase classname="Tests.HomePageElementsTests" name="Sell test"/><testcase classname="Tests.HomePageElementsTests" name="Electronics test"/><testcase classname="Tests.HomePageElementsTests" name="Collectibles and art page test"/><testcase classname="Tests.HomePageElementsTests" name="Help and contact test"/></testsuite>