<?xml version="1.0" encoding="UTF-8"?><testsuite errors="0" failures="0" name="Tests.PopularCategoriesTests" skipped="0" tests="7" time="246.96" timestamp="2021-11-14 06:46:25"><testcase classname="Tests.PopularCategoriesTests" name="Korean beauty test"/><testcase classname="Tests.PopularCategoriesTests" name="Fishing test"/><testcase classname="Tests.PopularCategoriesTests" name="Popular sell test"/><testcase classname="Tests.PopularCategoriesTests" name="Smart phones test"/><testcase classname="Tests.PopularCategoriesTests" name="Wrist watches test"/><testcase classname="Tests.PopularCategoriesTests" name="Collectibles test"/><testcase classname="Tests.PopularCategoriesTests" name="Sneakers test"/></testsuite>